Using pre-set license
Built from '2020.3/release' branch; Version is '2020.3.7f1 (dd97f2c94397) revision 14522354'; Using compiler version '192528614'; Build Type 'Release'
OS: 'Windows 10 Home; OS build 19041.928; Version 2004; 64bit' Language: 'ko' Physical Memory: 8106 MB
BatchMode: 1, IsHumanControllingUs: 0, StartBugReporterOnCrash: 0, Is64bit: 1, IsPro: 0

 COMMAND LINE ARGUMENTS:
C:\Program Files\Unity\Hub\Editor\2020.3.7f1\Editor\Unity.exe
-adb2
-batchMode
-noUpm
-name
AssetImportWorker0
-projectPath
C:/New Unity Project
-logFile
Logs/AssetImportWorker0.log
-srvPort
55186
Successfully changed project path to: C:/New Unity Project
C:/New Unity Project
Using Asset Import Pipeline V2.
Refreshing native plugins compatible for Editor in 50.77 ms, found 0 plugins.
Preloading 0 native plugins for Editor in 0.00 ms.
Initialize engine version: 2020.3.7f1 (dd97f2c94397)
[Subsystems] Discovering subsystems at path C:/Program Files/Unity/Hub/Editor/2020.3.7f1/Editor/Data/Resources/UnitySubsystems
[Subsystems] Discovering subsystems at path C:/New Unity Project/Assets
GfxDevice: creating device client; threaded=0
Direct3D:
    Version:  Direct3D 11.0 [level 11.1]
    Renderer: Intel(R) HD Graphics 610 (ID=0x5906)
    Vendor:   
    VRAM:     4053 MB
    Driver:   23.20.16.4849
Initialize mono
Mono path[0] = 'C:/Program Files/Unity/Hub/Editor/2020.3.7f1/Editor/Data/Managed'
Mono path[1] = 'C:/Program Files/Unity/Hub/Editor/2020.3.7f1/Editor/Data/MonoBleedingEdge/lib/mono/unityjit'
Mono config path = 'C:/Program Files/Unity/Hub/Editor/2020.3.7f1/Editor/Data/MonoBleedingEdge/etc'
Using monoOptions --debugger-agent=transport=dt_socket,embedding=1,server=y,suspend=n,address=127.0.0.1:56268
Begin MonoManager ReloadAssembly
Registering precompiled unity dll's ...
Register platform support module: C:/Program Files/Unity/Hub/Editor/2020.3.7f1/Editor/Data/PlaybackEngines/WindowsStandaloneSupport/UnityEditor.WindowsStandalone.Extensions.dll
Registered in 0.011225 seconds.
Native extension for WindowsStandalone target not found
Refreshing native plugins compatible for Editor in 46.07 ms, found 0 plugins.
Preloading 0 native plugins for Editor in 0.00 ms.
Mono: successfully reloaded assembly
- Completed reload, in  2.470 seconds
Platform modules already initialized, skipping
Registering precompiled user dll's ...
Registered in 0.001992 seconds.
Begin MonoManager ReloadAssembly
Native extension for WindowsStandalone target not found
Refreshing native plugins compatible for Editor in 0.27 ms, found 0 plugins.
Preloading 0 native plugins for Editor in 0.00 ms.
Mono: successfully reloaded assembly
- Completed reload, in  2.666 seconds
Platform modules already initialized, skipping
========================================================================
Worker process is ready to serve import requests
Launched and connected shader compiler UnityShaderCompiler.exe after 2.80 seconds
Refreshing native plugins compatible for Editor in 0.36 ms, found 0 plugins.
Preloading 0 native plugins for Editor in 0.00 ms.
Unloading 1120 Unused Serialized files (Serialized files now loaded: 0)
System memory in use before: 70.6 MB.
System memory in use after: 70.6 MB.

Unloading 10 unused Assets to reduce memory usage. Loaded Objects now: 1582.
Total: 4.098700 ms (FindLiveObjects: 0.344100 ms CreateObjectMapping: 0.105700 ms MarkObjects: 3.473500 ms  DeleteObjects: 0.171100 ms)

========================================================================
Received Prepare
Registering precompiled user dll's ...
Registered in 0.003093 seconds.
Begin MonoManager ReloadAssembly
Native extension for WindowsStandalone target not found
Refreshing native plugins compatible for Editor in 0.28 ms, found 0 plugins.
Preloading 0 native plugins for Editor in 0.00 ms.
Mono: successfully reloaded assembly
- Completed reload, in  1.635 seconds
Platform modules already initialized, skipping
Refreshing native plugins compatible for Editor in 0.44 ms, found 0 plugins.
Preloading 0 native plugins for Editor in 0.00 ms.
Unloading 1115 Unused Serialized files (Serialized files now loaded: 0)
System memory in use before: 70.5 MB.
System memory in use after: 70.6 MB.

Unloading 5 unused Assets to reduce memory usage. Loaded Objects now: 1585.
Total: 4.144800 ms (FindLiveObjects: 0.309300 ms CreateObjectMapping: 0.118900 ms MarkObjects: 3.610000 ms  DeleteObjects: 0.103800 ms)

========================================================================
Received Import Request.
  path: Assets/CameraMode.cs
  artifactKey: Guid(adf4901a3d4cfea4282c8b32f22c0633) Importer(815301076,1909f56bfc062723c751e8b465ee728b)
Start importing Assets/CameraMode.cs using Guid(adf4901a3d4cfea4282c8b32f22c0633) Importer(815301076,1909f56bfc062723c751e8b465ee728b)  -> (artifact id: 'be6abeadc357d4c89709b98f3426a3b9') in 2.017291 seconds
  Import took 2.203411 seconds .

========================================================================
Received Prepare
Registering precompiled user dll's ...
Registered in 0.002330 seconds.
Begin MonoManager ReloadAssembly
Native extension for WindowsStandalone target not found
Refreshing native plugins compatible for Editor in 0.27 ms, found 0 plugins.
Preloading 0 native plugins for Editor in 0.00 ms.
Mono: successfully reloaded assembly
- Completed reload, in  1.630 seconds
Platform modules already initialized, skipping
Refreshing native plugins compatible for Editor in 0.51 ms, found 0 plugins.
Preloading 0 native plugins for Editor in 0.00 ms.
Unloading 1115 Unused Serialized files (Serialized files now loaded: 0)
System memory in use before: 70.5 MB.
System memory in use after: 70.6 MB.

Unloading 5 unused Assets to reduce memory usage. Loaded Objects now: 1588.
Total: 4.153000 ms (FindLiveObjects: 0.292400 ms CreateObjectMapping: 0.115400 ms MarkObjects: 3.611900 ms  DeleteObjects: 0.130100 ms)

========================================================================
Received Import Request.
  Time since last request: 47.624842 seconds.
  path: Assets/C#/Player.cs
  artifactKey: Guid(d5feccc5a69530d42908e286c61b5ec6) Importer(815301076,1909f56bfc062723c751e8b465ee728b)
Start importing Assets/C#/Player.cs using Guid(d5feccc5a69530d42908e286c61b5ec6) Importer(815301076,1909f56bfc062723c751e8b465ee728b)  -> (artifact id: 'f73bbe5889496180b100a60f3ba2e60d') in 0.141490 seconds
  Import took 0.693614 seconds .

========================================================================
Received Import Request.
  Time since last request: 0.340222 seconds.
  path: Assets/C#/Player.cs
  artifactKey: Guid(d5feccc5a69530d42908e286c61b5ec6) Importer(815301076,1909f56bfc062723c751e8b465ee728b)
Start importing Assets/C#/Player.cs using Guid(d5feccc5a69530d42908e286c61b5ec6) Importer(815301076,1909f56bfc062723c751e8b465ee728b)  -> (artifact id: 'f73bbe5889496180b100a60f3ba2e60d') in 0.010320 seconds
  Import took 0.015754 seconds .

========================================================================
Received Prepare
Registering precompiled user dll's ...
Registered in 0.001876 seconds.
Begin MonoManager ReloadAssembly
Native extension for WindowsStandalone target not found
Refreshing native plugins compatible for Editor in 0.27 ms, found 0 plugins.
Preloading 0 native plugins for Editor in 0.00 ms.
Mono: successfully reloaded assembly
- Completed reload, in  1.692 seconds
Platform modules already initialized, skipping
Refreshing native plugins compatible for Editor in 0.44 ms, found 0 plugins.
Preloading 0 native plugins for Editor in 0.00 ms.
Unloading 1115 Unused Serialized files (Serialized files now loaded: 0)
System memory in use before: 70.5 MB.
System memory in use after: 70.6 MB.

Unloading 5 unused Assets to reduce memory usage. Loaded Objects now: 1591.
Total: 4.279600 ms (FindLiveObjects: 0.325900 ms CreateObjectMapping: 0.138400 ms MarkObjects: 3.673700 ms  DeleteObjects: 0.137500 ms)

========================================================================
Received Import Request.
  Time since last request: 482.400466 seconds.
  path: Assets/C#/CameraMode.cs
  artifactKey: Guid(adf4901a3d4cfea4282c8b32f22c0633) Importer(815301076,1909f56bfc062723c751e8b465ee728b)
Start importing Assets/C#/CameraMode.cs using Guid(adf4901a3d4cfea4282c8b32f22c0633) Importer(815301076,1909f56bfc062723c751e8b465ee728b)  -> (artifact id: 'b0e61f425bd55d99331b2e14d24e7ff1') in 0.011254 seconds
  Import took 0.076427 seconds .

========================================================================
Received Prepare
Registering precompiled user dll's ...
Registered in 0.002178 seconds.
Begin MonoManager ReloadAssembly
Native extension for WindowsStandalone target not found
Refreshing native plugins compatible for Editor in 0.31 ms, found 0 plugins.
Preloading 0 native plugins for Editor in 0.00 ms.
Mono: successfully reloaded assembly
- Completed reload, in  1.805 seconds
Platform modules already initialized, skipping
Refreshing native plugins compatible for Editor in 0.43 ms, found 0 plugins.
Preloading 0 native plugins for Editor in 0.00 ms.
Unloading 1115 Unused Serialized files (Serialized files now loaded: 0)
System memory in use before: 70.5 MB.
System memory in use after: 70.6 MB.

Unloading 5 unused Assets to reduce memory usage. Loaded Objects now: 1594.
Total: 3.538200 ms (FindLiveObjects: 0.282900 ms CreateObjectMapping: 0.112200 ms MarkObjects: 3.028700 ms  DeleteObjects: 0.111400 ms)

========================================================================
Received Import Request.
  Time since last request: 67.106519 seconds.
  path: ProjectSettings/TagManager.asset
  artifactKey: Guid(00000000000000003000000000000000) Importer(815301076,1909f56bfc062723c751e8b465ee728b)
Start importing ProjectSettings/TagManager.asset using Guid(00000000000000003000000000000000) Importer(815301076,1909f56bfc062723c751e8b465ee728b)  -> (artifact id: '65c7704cdbd6170ff8aa9f511b43ca50') in 0.119733 seconds
  Import took 0.139948 seconds .

========================================================================
Received Prepare
Registering precompiled user dll's ...
Registered in 0.001947 seconds.
Begin MonoManager ReloadAssembly
Native extension for WindowsStandalone target not found
Refreshing native plugins compatible for Editor in 1.32 ms, found 0 plugins.
Preloading 0 native plugins for Editor in 0.00 ms.
Mono: successfully reloaded assembly
- Completed reload, in  1.687 seconds
Platform modules already initialized, skipping
Refreshing native plugins compatible for Editor in 0.45 ms, found 0 plugins.
Preloading 0 native plugins for Editor in 0.00 ms.
Unloading 1115 Unused Serialized files (Serialized files now loaded: 0)
System memory in use before: 70.6 MB.
System memory in use after: 70.6 MB.

Unloading 6 unused Assets to reduce memory usage. Loaded Objects now: 1597.
Total: 3.714800 ms (FindLiveObjects: 0.277900 ms CreateObjectMapping: 0.103700 ms MarkObjects: 3.183000 ms  DeleteObjects: 0.147100 ms)

========================================================================
Received Prepare
Registering precompiled user dll's ...
Registered in 0.003150 seconds.
Begin MonoManager ReloadAssembly
Native extension for WindowsStandalone target not found
Refreshing native plugins compatible for Editor in 0.27 ms, found 0 plugins.
Preloading 0 native plugins for Editor in 0.00 ms.
Mono: successfully reloaded assembly
- Completed reload, in  2.059 seconds
Platform modules already initialized, skipping
Refreshing native plugins compatible for Editor in 0.28 ms, found 0 plugins.
Preloading 0 native plugins for Editor in 0.00 ms.
Unloading 1115 Unused Serialized files (Serialized files now loaded: 0)
System memory in use before: 70.6 MB.
System memory in use after: 70.6 MB.

Unloading 5 unused Assets to reduce memory usage. Loaded Objects now: 1600.
Total: 3.112400 ms (FindLiveObjects: 0.198200 ms CreateObjectMapping: 0.063000 ms MarkObjects: 2.751400 ms  DeleteObjects: 0.096700 ms)

========================================================================
Received Prepare
Registering precompiled user dll's ...
Registered in 0.002612 seconds.
Begin MonoManager ReloadAssembly
Native extension for WindowsStandalone target not found
Refreshing native plugins compatible for Editor in 0.52 ms, found 0 plugins.
Preloading 0 native plugins for Editor in 0.00 ms.
Mono: successfully reloaded assembly
- Completed reload, in  1.799 seconds
Platform modules already initialized, skipping
Refreshing native plugins compatible for Editor in 0.53 ms, found 0 plugins.
Preloading 0 native plugins for Editor in 0.00 ms.
Unloading 1115 Unused Serialized files (Serialized files now loaded: 0)
System memory in use before: 70.6 MB.
System memory in use after: 70.7 MB.

Unloading 5 unused Assets to reduce memory usage. Loaded Objects now: 1603.
Total: 4.771200 ms (FindLiveObjects: 0.409900 ms CreateObjectMapping: 0.141400 ms MarkObjects: 4.096400 ms  DeleteObjects: 0.120100 ms)

========================================================================
Received Prepare
Registering precompiled user dll's ...
Registered in 0.001971 seconds.
Begin MonoManager ReloadAssembly
Native extension for WindowsStandalone target not found
Refreshing native plugins compatible for Editor in 0.29 ms, found 0 plugins.
Preloading 0 native plugins for Editor in 0.00 ms.
Mono: successfully reloaded assembly
- Completed reload, in  2.683 seconds
Platform modules already initialized, skipping
Refreshing native plugins compatible for Editor in 0.53 ms, found 0 plugins.
Preloading 0 native plugins for Editor in 0.00 ms.
Unloading 1115 Unused Serialized files (Serialized files now loaded: 0)
System memory in use before: 70.6 MB.
System memory in use after: 70.7 MB.

Unloading 5 unused Assets to reduce memory usage. Loaded Objects now: 1606.
Total: 5.107900 ms (FindLiveObjects: 0.740500 ms CreateObjectMapping: 0.284300 ms MarkObjects: 3.972300 ms  DeleteObjects: 0.106400 ms)

========================================================================
Received Import Request.
  Time since last request: 2428.778848 seconds.
  path: Assets/FinalPoint.mat
  artifactKey: Guid(9da1c5a5c55f97a48961bff14fd0d455) Importer(815301076,1909f56bfc062723c751e8b465ee728b)
Start importing Assets/FinalPoint.mat using Guid(9da1c5a5c55f97a48961bff14fd0d455) Importer(815301076,1909f56bfc062723c751e8b465ee728b)  -> (artifact id: 'f96632ae414017c75d9f34728525e313') in 0.411550 seconds
  Import took 0.416657 seconds .

========================================================================
Received Import Request.
  Time since last request: 6.854192 seconds.
  path: Assets/Point1.mat
  artifactKey: Guid(9da1c5a5c55f97a48961bff14fd0d455) Importer(815301076,1909f56bfc062723c751e8b465ee728b)
Start importing Assets/Point1.mat using Guid(9da1c5a5c55f97a48961bff14fd0d455) Importer(815301076,1909f56bfc062723c751e8b465ee728b)  -> (artifact id: '4f6ade6c038b1fe5e5b4370bb60c6a60') in 0.028448 seconds
  Import took 0.037923 seconds .

========================================================================
Received Import Request.
  Time since last request: 217.439811 seconds.
  path: ProjectSettings/TagManager.asset
  artifactKey: Guid(00000000000000003000000000000000) Importer(815301076,1909f56bfc062723c751e8b465ee728b)
Start importing ProjectSettings/TagManager.asset using Guid(00000000000000003000000000000000) Importer(815301076,1909f56bfc062723c751e8b465ee728b)  -> (artifact id: '4b4a569132d40b2b8a8a47792866c4de') in 0.009310 seconds
  Import took 0.041570 seconds .

========================================================================
Received Import Request.
  Time since last request: 0.001659 seconds.
  path: ProjectSettings/TagManager.asset
  artifactKey: Guid(00000000000000003000000000000000) Importer(815301076,1909f56bfc062723c751e8b465ee728b)
Start importing ProjectSettings/TagManager.asset using Guid(00000000000000003000000000000000) Importer(815301076,1909f56bfc062723c751e8b465ee728b)  -> (artifact id: '4b4a569132d40b2b8a8a47792866c4de') in 0.011542 seconds
  Import took 0.015089 seconds .

========================================================================
Received Import Request.
  Time since last request: 20.666971 seconds.
  path: Assets/GameManager.cs
  artifactKey: Guid(3ecd360edaecf9343ad97bba3539ad32) Importer(815301076,1909f56bfc062723c751e8b465ee728b)
Start importing Assets/GameManager.cs using Guid(3ecd360edaecf9343ad97bba3539ad32) Importer(815301076,1909f56bfc062723c751e8b465ee728b)  -> (artifact id: '58ef6d3c82f2f9147ac0b30ac5c6e9ad') in 0.011093 seconds
  Import took 0.028784 seconds .

========================================================================
Received Prepare
Registering precompiled user dll's ...
Registered in 0.002574 seconds.
Begin MonoManager ReloadAssembly
Native extension for WindowsStandalone target not found
Refreshing native plugins compatible for Editor in 0.27 ms, found 0 plugins.
Preloading 0 native plugins for Editor in 0.00 ms.
Mono: successfully reloaded assembly
- Completed reload, in  1.645 seconds
Platform modules already initialized, skipping
Refreshing native plugins compatible for Editor in 0.43 ms, found 0 plugins.
Preloading 0 native plugins for Editor in 0.00 ms.
Unloading 1116 Unused Serialized files (Serialized files now loaded: 0)
System memory in use before: 73.9 MB.
System memory in use after: 74.0 MB.

Unloading 7 unused Assets to reduce memory usage. Loaded Objects now: 1650.
Total: 4.848800 ms (FindLiveObjects: 0.337500 ms CreateObjectMapping: 0.129700 ms MarkObjects: 4.265200 ms  DeleteObjects: 0.113500 ms)

========================================================================
Received Import Request.
  Time since last request: 15.743711 seconds.
  path: Assets/GameManager1.cs
  artifactKey: Guid(fcc1699e1fa0c434889b76d08f945615) Importer(815301076,1909f56bfc062723c751e8b465ee728b)
Start importing Assets/GameManager1.cs using Guid(fcc1699e1fa0c434889b76d08f945615) Importer(815301076,1909f56bfc062723c751e8b465ee728b)  -> (artifact id: '0c74fbb25ab3ceb8fc7c5f3d2b913b34') in 0.016260 seconds
  Import took 0.038152 seconds .

========================================================================
Received Prepare
Registering precompiled user dll's ...
Registered in 0.001852 seconds.
Begin MonoManager ReloadAssembly
Native extension for WindowsStandalone target not found
Refreshing native plugins compatible for Editor in 0.28 ms, found 0 plugins.
Preloading 0 native plugins for Editor in 0.00 ms.
Mono: successfully reloaded assembly
- Completed reload, in  1.670 seconds
Platform modules already initialized, skipping
Refreshing native plugins compatible for Editor in 0.42 ms, found 0 plugins.
Preloading 0 native plugins for Editor in 0.00 ms.
Unloading 1117 Unused Serialized files (Serialized files now loaded: 0)
System memory in use before: 74.0 MB.
System memory in use after: 74.0 MB.

Unloading 5 unused Assets to reduce memory usage. Loaded Objects now: 1654.
Total: 3.830800 ms (FindLiveObjects: 0.426000 ms CreateObjectMapping: 0.121800 ms MarkObjects: 3.179400 ms  DeleteObjects: 0.100700 ms)

========================================================================
Received Prepare
Registering precompiled user dll's ...
Registered in 0.002448 seconds.
Begin MonoManager ReloadAssembly
Native extension for WindowsStandalone target not found
Refreshing native plugins compatible for Editor in 0.27 ms, found 0 plugins.
Preloading 0 native plugins for Editor in 0.00 ms.
Mono: successfully reloaded assembly
- Completed reload, in  1.813 seconds
Platform modules already initialized, skipping
Refreshing native plugins compatible for Editor in 0.43 ms, found 0 plugins.
Preloading 0 native plugins for Editor in 0.00 ms.
Unloading 1116 Unused Serialized files (Serialized files now loaded: 0)
System memory in use before: 73.9 MB.
System memory in use after: 74.0 MB.

Unloading 6 unused Assets to reduce memory usage. Loaded Objects now: 1656.
Total: 5.339700 ms (FindLiveObjects: 0.393600 ms CreateObjectMapping: 0.137500 ms MarkObjects: 4.692500 ms  DeleteObjects: 0.111100 ms)

========================================================================
Received Prepare
Registering precompiled user dll's ...
Registered in 0.002013 seconds.
Begin MonoManager ReloadAssembly
Native extension for WindowsStandalone target not found
Refreshing native plugins compatible for Editor in 0.30 ms, found 0 plugins.
Preloading 0 native plugins for Editor in 0.00 ms.
Mono: successfully reloaded assembly
- Completed reload, in  1.688 seconds
Platform modules already initialized, skipping
Refreshing native plugins compatible for Editor in 0.43 ms, found 0 plugins.
Preloading 0 native plugins for Editor in 0.00 ms.
Unloading 1116 Unused Serialized files (Serialized files now loaded: 0)
System memory in use before: 73.9 MB.
System memory in use after: 74.0 MB.

Unloading 5 unused Assets to reduce memory usage. Loaded Objects now: 1659.
Total: 3.918000 ms (FindLiveObjects: 0.400500 ms CreateObjectMapping: 0.139300 ms MarkObjects: 3.261500 ms  DeleteObjects: 0.113400 ms)

========================================================================
Received Prepare
Registering precompiled user dll's ...
Registered in 0.001972 seconds.
Begin MonoManager ReloadAssembly
Native extension for WindowsStandalone target not found
Refreshing native plugins compatible for Editor in 0.32 ms, found 0 plugins.
Preloading 0 native plugins for Editor in 0.00 ms.
Mono: successfully reloaded assembly
- Completed reload, in  2.930 seconds
Platform modules already initialized, skipping
Refreshing native plugins compatible for Editor in 0.56 ms, found 0 plugins.
Preloading 0 native plugins for Editor in 0.00 ms.
Unloading 1116 Unused Serialized files (Serialized files now loaded: 0)
System memory in use before: 73.9 MB.
System memory in use after: 74.0 MB.

Unloading 5 unused Assets to reduce memory usage. Loaded Objects now: 1662.
Total: 5.191500 ms (FindLiveObjects: 0.375800 ms CreateObjectMapping: 0.186000 ms MarkObjects: 4.485100 ms  DeleteObjects: 0.142000 ms)

========================================================================
Received Import Request.
  Time since last request: 117.523591 seconds.
  path: Assets/C#/GameManager1.cs
  artifactKey: Guid(fcc1699e1fa0c434889b76d08f945615) Importer(815301076,1909f56bfc062723c751e8b465ee728b)
Start importing Assets/C#/GameManager1.cs using Guid(fcc1699e1fa0c434889b76d08f945615) Importer(815301076,1909f56bfc062723c751e8b465ee728b)  -> (artifact id: '4287602054b7f22c2517a9e18bb9f6f4') in 0.038525 seconds
  Import took 0.056713 seconds .

========================================================================
Received Prepare
Registering precompiled user dll's ...
Registered in 0.001976 seconds.
Begin MonoManager ReloadAssembly
Native extension for WindowsStandalone target not found
Refreshing native plugins compatible for Editor in 0.29 ms, found 0 plugins.
Preloading 0 native plugins for Editor in 0.00 ms.
Mono: successfully reloaded assembly
- Completed reload, in  1.569 seconds
Platform modules already initialized, skipping
Refreshing native plugins compatible for Editor in 0.44 ms, found 0 plugins.
Preloading 0 native plugins for Editor in 0.00 ms.
Unloading 1116 Unused Serialized files (Serialized files now loaded: 0)
System memory in use before: 74.0 MB.
System memory in use after: 74.0 MB.

Unloading 5 unused Assets to reduce memory usage. Loaded Objects now: 1665.
Total: 5.194500 ms (FindLiveObjects: 0.338000 ms CreateObjectMapping: 0.143000 ms MarkObjects: 4.585500 ms  DeleteObjects: 0.124400 ms)

========================================================================
Received Import Request.
  Time since last request: 515.743045 seconds.
  path: Assets/C#/CameraMode.cs
  artifactKey: Guid(adf4901a3d4cfea4282c8b32f22c0633) Importer(815301076,1909f56bfc062723c751e8b465ee728b)
Start importing Assets/C#/CameraMode.cs using Guid(adf4901a3d4cfea4282c8b32f22c0633) Importer(815301076,1909f56bfc062723c751e8b465ee728b)  -> (artifact id: '5fa651b1c8ea44bc7f0259c8829618d3') in 0.011832 seconds
  Import took 0.024912 seconds .

========================================================================
Received Import Request.
  Time since last request: 26.897936 seconds.
  path: Assets/C#/Player.cs
  artifactKey: Guid(d5feccc5a69530d42908e286c61b5ec6) Importer(815301076,1909f56bfc062723c751e8b465ee728b)
Start importing Assets/C#/Player.cs using Guid(d5feccc5a69530d42908e286c61b5ec6) Importer(815301076,1909f56bfc062723c751e8b465ee728b)  -> (artifact id: 'efb03717bfd51cc06f5d09c3fca0caed') in 0.007734 seconds
  Import took 0.049376 seconds .

========================================================================
Received Import Request.
  Time since last request: 50.124989 seconds.
  path: Assets/C#/GameManagerLogic.cs
  artifactKey: Guid(fcc1699e1fa0c434889b76d08f945615) Importer(815301076,1909f56bfc062723c751e8b465ee728b)
Start importing Assets/C#/GameManagerLogic.cs using Guid(fcc1699e1fa0c434889b76d08f945615) Importer(815301076,1909f56bfc062723c751e8b465ee728b)  -> (artifact id: '1942910f5cc9ca9d03b37dbd0ae00022') in 0.007611 seconds
  Import took 0.011076 seconds .

========================================================================
Received Import Request.
  Time since last request: 25.780973 seconds.
  path: Assets/C#/GameManager1.cs
  artifactKey: Guid(ef3cd12c9e174d84d83307fd07e264d9) Importer(815301076,1909f56bfc062723c751e8b465ee728b)
Start importing Assets/C#/GameManager1.cs using Guid(ef3cd12c9e174d84d83307fd07e264d9) Importer(815301076,1909f56bfc062723c751e8b465ee728b)  -> (artifact id: 'c52c18591f517f82412d609637d383ec') in 0.041004 seconds
  Import took 0.068701 seconds .

========================================================================
Received Import Request.
  Time since last request: 130.507498 seconds.
  path: Assets/C#/GameManagerLogic.cs
  artifactKey: Guid(fcc1699e1fa0c434889b76d08f945615) Importer(815301076,1909f56bfc062723c751e8b465ee728b)
Start importing Assets/C#/GameManagerLogic.cs using Guid(fcc1699e1fa0c434889b76d08f945615) Importer(815301076,1909f56bfc062723c751e8b465ee728b)  -> (artifact id: 'cd37cfab5ad0af7251447ab2f2d628b2') in 0.014739 seconds
  Import took 0.049085 seconds .

========================================================================
Received Import Request.
  Time since last request: 48.569380 seconds.
  path: Assets/C#/GameManagerLogic.cs
  artifactKey: Guid(fcc1699e1fa0c434889b76d08f945615) Importer(815301076,1909f56bfc062723c751e8b465ee728b)
Start importing Assets/C#/GameManagerLogic.cs using Guid(fcc1699e1fa0c434889b76d08f945615) Importer(815301076,1909f56bfc062723c751e8b465ee728b)  -> (artifact id: 'a7fc92ad12b9e70a40c45bcc92aab4f5') in 0.016774 seconds
  Import took 0.029034 seconds .

========================================================================
Received Import Request.
  Time since last request: 411.044508 seconds.
  path: Assets/C#/GameManagerLogic.cs
  artifactKey: Guid(fcc1699e1fa0c434889b76d08f945615) Importer(815301076,1909f56bfc062723c751e8b465ee728b)
Start importing Assets/C#/GameManagerLogic.cs using Guid(fcc1699e1fa0c434889b76d08f945615) Importer(815301076,1909f56bfc062723c751e8b465ee728b)  -> (artifact id: '3fa36a1f0e2c93f9c2bb9b31b2830d72') in 0.009790 seconds
  Import took 0.053805 seconds .

========================================================================
Received Import Request.
  Time since last request: 25.108381 seconds.
  path: Assets/C#/GameManagerLogic.cs
  artifactKey: Guid(fcc1699e1fa0c434889b76d08f945615) Importer(815301076,1909f56bfc062723c751e8b465ee728b)
Start importing Assets/C#/GameManagerLogic.cs using Guid(fcc1699e1fa0c434889b76d08f945615) Importer(815301076,1909f56bfc062723c751e8b465ee728b)  -> (artifact id: 'f2faa23c65bdb1c254831c40c2eb1852') in 0.009036 seconds
  Import took 0.040962 seconds .

========================================================================
Received Import Request.
  Time since last request: 49.028716 seconds.
  path: Assets/C#/GameManager.cs
  artifactKey: Guid(1a752d19cae0ae0449de087a1d5023de) Importer(815301076,1909f56bfc062723c751e8b465ee728b)
Start importing Assets/C#/GameManager.cs using Guid(1a752d19cae0ae0449de087a1d5023de) Importer(815301076,1909f56bfc062723c751e8b465ee728b)  -> (artifact id: 'bc2b66de1bb4b781847a282330ecad48') in 0.010998 seconds
  Import took 0.054655 seconds .

========================================================================
Received Import Request.
  Time since last request: 19.761551 seconds.
  path: Assets/C#/Manager.cs
  artifactKey: Guid(837f076c660ae1848926129014e7c436) Importer(815301076,1909f56bfc062723c751e8b465ee728b)
Start importing Assets/C#/Manager.cs using Guid(837f076c660ae1848926129014e7c436) Importer(815301076,1909f56bfc062723c751e8b465ee728b)  -> (artifact id: 'a66e1848930c75f75107833c6d41ec7f') in 0.012933 seconds
  Import took 0.043895 seconds .

========================================================================
Received Import Request.
  Time since last request: 34.888812 seconds.
  path: Assets/C#/Manager.cs
  artifactKey: Guid(837f076c660ae1848926129014e7c436) Importer(815301076,1909f56bfc062723c751e8b465ee728b)
Start importing Assets/C#/Manager.cs using Guid(837f076c660ae1848926129014e7c436) Importer(815301076,1909f56bfc062723c751e8b465ee728b)  -> (artifact id: '6c297f3625a91dcac4e3d1c4a537e32d') in 0.007512 seconds
  Import took 0.055950 seconds .

========================================================================
Received Import Request.
  Time since last request: 8.112570 seconds.
  path: Assets/C#/Manager.cs
  artifactKey: Guid(837f076c660ae1848926129014e7c436) Importer(815301076,1909f56bfc062723c751e8b465ee728b)
Start importing Assets/C#/Manager.cs using Guid(837f076c660ae1848926129014e7c436) Importer(815301076,1909f56bfc062723c751e8b465ee728b)  -> (artifact id: '2d4fef1990a460548cbf9abc55f5e3f4') in 0.008343 seconds
  Import took 0.050705 seconds .

========================================================================
Received Import Request.
  Time since last request: 118.576983 seconds.
  path: Assets/C#/Manager.cs
  artifactKey: Guid(837f076c660ae1848926129014e7c436) Importer(815301076,1909f56bfc062723c751e8b465ee728b)
Start importing Assets/C#/Manager.cs using Guid(837f076c660ae1848926129014e7c436) Importer(815301076,1909f56bfc062723c751e8b465ee728b)  -> (artifact id: 'a624fccf713c2db5885ee1c1d6f5d7e7') in 0.008415 seconds
  Import took 0.057205 seconds .

========================================================================
Received Import Request.
  Time since last request: 74.721594 seconds.
  path: Assets/C#/Manager.cs
  artifactKey: Guid(837f076c660ae1848926129014e7c436) Importer(815301076,1909f56bfc062723c751e8b465ee728b)
Start importing Assets/C#/Manager.cs using Guid(837f076c660ae1848926129014e7c436) Importer(815301076,1909f56bfc062723c751e8b465ee728b)  -> (artifact id: 'bc646145bb000884219541eb6b996224') in 0.007696 seconds
  Import took 0.011340 seconds .

========================================================================
Received Import Request.
  Time since last request: 12.996558 seconds.
  path: Assets/C#/HelloWorld.cs
  artifactKey: Guid(c1fcff4284f1dd1498996ef6a53ff466) Importer(815301076,1909f56bfc062723c751e8b465ee728b)
Start importing Assets/C#/HelloWorld.cs using Guid(c1fcff4284f1dd1498996ef6a53ff466) Importer(815301076,1909f56bfc062723c751e8b465ee728b)  -> (artifact id: '488963866ecee17424ce73efeb4e6d6c') in 0.012875 seconds
  Import took 0.061377 seconds .

========================================================================
Received Import Request.
  Time since last request: 43.991521 seconds.
  path: Assets/C#/HelloWorld.cs
  artifactKey: Guid(c1fcff4284f1dd1498996ef6a53ff466) Importer(815301076,1909f56bfc062723c751e8b465ee728b)
Start importing Assets/C#/HelloWorld.cs using Guid(c1fcff4284f1dd1498996ef6a53ff466) Importer(815301076,1909f56bfc062723c751e8b465ee728b)  -> (artifact id: 'd83d927f12045d93178c7a7fbd1ccbf2') in 0.026290 seconds
  Import took 0.054409 seconds .

========================================================================
Received Import Request.
  Time since last request: 0.084953 seconds.
  path: Assets/C#/HelloWorld.cs
  artifactKey: Guid(c1fcff4284f1dd1498996ef6a53ff466) Importer(815301076,1909f56bfc062723c751e8b465ee728b)
Start importing Assets/C#/HelloWorld.cs using Guid(c1fcff4284f1dd1498996ef6a53ff466) Importer(815301076,1909f56bfc062723c751e8b465ee728b)  -> (artifact id: 'd83d927f12045d93178c7a7fbd1ccbf2') in 0.008494 seconds
  Import took 0.011889 seconds .

AssetImportWorkerClient::OnTransportError - code=2 error=End of file
